<?xml version="1.0" encoding="UTF-8"?>
<!-- Generated by org.testng.reporters.JUnitXMLReporter -->
<testsuite hostname="GOT5CG7150LNP" ignored="0" name="Default test" tests="3" failures="0" timestamp="15 Dec 2019 19:52:00 GMT" time="70.408" errors="0">
  <testcase name="feature" time="37.293" classname="cucumber.api.testng.AbstractTestNGCucumberTests"/>
  <testcase name="feature" time="30.58" classname="cucumber.api.testng.AbstractTestNGCucumberTests"/>
  <testcase name="feature" time="1.381" classname="cucumber.api.testng.AbstractTestNGCucumberTests"/>
</testsuite> <!-- Default test -->
